# JRE version: OpenJDK Runtime Environment (21.0.11+10) (build 21.0.11+10-1-24.04.2-Ubuntu)
# Java VM: OpenJDK 64-Bit Server VM (21.0.11+10-1-24.04.2-Ubuntu, mixed mode, tiered, compressed oops, compressed class ptrs, g1 gc, linux-amd64)
GC Precious Log:
 CardTable entry size: 512
 Card Set container configuration: InlinePtr #cards 3 size 8 Array Of Cards #cards 128 size 272 Howl #buckets 8 coarsen threshold 29491 Howl Bitmap #cards 4096 size 528 coarsen threshold 3686 Card regions per heap region 1 cards per card region 32768
 CPUs: 112 total, 112 available
 Memory: 377G
 Large Page Support: Disabled
 NUMA Support: Disabled
 Compressed Oops: Enabled (Zero based)
 Heap Region Size: 16M
 Heap Min Capacity: 16M
 Heap Initial Capacity: 2G
 Heap Max Capacity: 30688M
 Pre-touch: Disabled
 Parallel Workers: 73
 Concurrent Workers: 18
 Concurrent Refinement Workers: 73
 Periodic GC: Disabled
Heap:
 garbage-first heap   total 65536K, used 5332K [0x0000000082000000, 0x0000000800000000)
  region size 16384K, 1 young (16384K), 0 survivors (0K)
 Metaspace       used 9581K, committed 9728K, reserved 1114112K
  class space    used 822K, committed 896K, reserved 1048576K
GC Heap History (14 events):
Event: 0.170 GC heap before
{Heap before GC invocations=0 (full 0):
 garbage-first heap   total 2097152K, used 16384K [0x0000000082000000, 0x0000000800000000)
  region size 16384K, 2 young (32768K), 0 survivors (0K)
 Metaspace       used 8170K, committed 8320K, reserved 1114112K
  class space    used 702K, committed 768K, reserved 1048576K
}
Event: 0.183 GC heap after
{Heap after GC invocations=1 (full 1):
 garbage-first heap   total 114688K, used 1000K [0x0000000082000000, 0x0000000800000000)
  region size 16384K, 0 young (0K), 0 survivors (0K)
 Metaspace       used 8170K, committed 8320K, reserved 1114112K
  class space    used 702K, committed 768K, reserved 1048576K
}
Event: 0.302 GC heap before
{Heap before GC invocations=1 (full 1):
 garbage-first heap   total 114688K, used 17384K [0x0000000082000000, 0x0000000800000000)
  region size 16384K, 1 young (16384K), 0 survivors (0K)
 Metaspace       used 9259K, committed 9408K, reserved 1114112K
  class space    used 793K, committed 896K, reserved 1048576K
}
Event: 0.308 GC heap after
{Heap after GC invocations=2 (full 1):
 garbage-first heap   total 114688K, used 3336K [0x0000000082000000, 0x0000000800000000)
  region size 16384K, 1 young (16384K), 1 survivors (16384K)
 Metaspace       used 9259K, committed 9408K, reserved 1114112K
  class space    used 793K, committed 896K, reserved 1048576K
}
Event: 0.333 GC heap before
{Heap before GC invocations=2 (full 1):
 garbage-first heap   total 114688K, used 19720K [0x0000000082000000, 0x0000000800000000)
  region size 16384K, 2 young (32768K), 1 survivors (16384K)
 Metaspace       used 9276K, committed 9472K, reserved 1114112K
  class space    used 793K, committed 896K, reserved 1048576K
}
Event: 0.340 GC heap after
{Heap after GC invocations=3 (full 1):
 garbage-first heap   total 114688K, used 3269K [0x0000000082000000, 0x0000000800000000)
  region size 16384K, 1 young (16384K), 1 survivors (16384K)
 Metaspace       used 9276K, committed 9472K, reserved 1114112K
  class space    used 793K, committed 896K, reserved 1048576K
}
Event: 0.362 GC heap before
{Heap before GC invocations=3 (full 1):
 garbage-first heap   total 114688K, used 19653K [0x0000000082000000, 0x0000000800000000)
  region size 16384K, 2 young (32768K), 1 survivors (16384K)
 Metaspace       used 9338K, committed 9536K, reserved 1114112K
  class space    used 793K, committed 896K, reserved 1048576K
}
Event: 0.371 GC heap after
{Heap after GC invocations=4 (full 1):
 garbage-first heap   total 114688K, used 4968K [0x0000000082000000, 0x0000000800000000)
  region size 16384K, 1 young (16384K), 1 survivors (16384K)
 Metaspace       used 9338K, committed 9536K, reserved 1114112K
  class space    used 793K, committed 896K, reserved 1048576K
}
Event: 0.418 GC heap before
{Heap before GC invocations=4 (full 1):
 garbage-first heap   total 114688K, used 4968K [0x0000000082000000, 0x0000000800000000)
  region size 16384K, 2 young (32768K), 1 survivors (16384K)
 Metaspace       used 9352K, committed 9536K, reserved 1114112K
  class space    used 793K, committed 896K, reserved 1048576K
}
Event: 0.468 GC heap after
{Heap after GC invocations=5 (full 2):
 garbage-first heap   total 65536K, used 5245K [0x0000000082000000, 0x0000000800000000)
  region size 16384K, 0 young (0K), 0 survivors (0K)
 Metaspace       used 9352K, committed 9536K, reserved 1114112K
  class space    used 793K, committed 896K, reserved 1048576K
}
Event: 0.512 GC heap before
{Heap before GC invocations=5 (full 2):
 garbage-first heap   total 65536K, used 5245K [0x0000000082000000, 0x0000000800000000)
  region size 16384K, 1 young (16384K), 0 survivors (0K)
 Metaspace       used 9388K, committed 9536K, reserved 1114112K
  class space    used 797K, committed 896K, reserved 1048576K
}
Event: 0.552 GC heap after
{Heap after GC invocations=6 (full 3):
 garbage-first heap   total 65536K, used 5285K [0x0000000082000000, 0x0000000800000000)
  region size 16384K, 0 young (0K), 0 survivors (0K)
 Metaspace       used 9388K, committed 9536K, reserved 1114112K
  class space    used 797K, committed 896K, reserved 1048576K
}
Event: 0.605 GC heap before
{Heap before GC invocations=6 (full 3):
 garbage-first heap   total 65536K, used 5285K [0x0000000082000000, 0x0000000800000000)
  region size 16384K, 1 young (16384K), 0 survivors (0K)
 Metaspace       used 9413K, committed 9600K, reserved 1114112K
  class space    used 797K, committed 896K, reserved 1048576K
}
Event: 0.643 GC heap after
{Heap after GC invocations=7 (full 4):
 garbage-first heap   total 65536K, used 5332K [0x0000000082000000, 0x0000000800000000)
  region size 16384K, 0 young (0K), 0 survivors (0K)
 Metaspace       used 9413K, committed 9600K, reserved 1114112K
  class space    used 797K, committed 896K, reserved 1048576K
}

